<?xml version="1.0" encoding="UTF-8" ?>
<testsuite failures="0" time="0.017" errors="0" skipped="0" tests="1" name="net.rymate.bchatmanager.AppTest">
  <properties>
    <property name="java.runtime.name" value="OpenJDK Runtime Environment"/>
    <property name="sun.boot.library.path" value="/usr/lib/jvm/java-6-openjdk/jre/lib/amd64"/>
    <property name="java.vm.version" value="20.0-b11"/>
    <property name="java.vm.vendor" value="Sun Microsystems Inc."/>
    <property name="java.vendor.url" value="http://java.sun.com/"/>
    <property name="path.separator" value=":"/>
    <property name="java.vm.name" value="OpenJDK 64-Bit Server VM"/>
    <property name="file.encoding.pkg" value="sun.io"/>
    <property name="user.country" value="GB"/>
    <property name="sun.java.launcher" value="SUN_STANDARD"/>
    <property name="sun.os.patch.level" value="unknown"/>
    <property name="java.vm.specification.name" value="Java Virtual Machine Specification"/>
    <property name="user.dir" value="/home/rymate/bChatManager"/>
    <property name="java.runtime.version" value="1.6.0_23-b23"/>
    <property name="java.awt.graphicsenv" value="sun.awt.X11GraphicsEnvironment"/>
    <property name="basedir" value="/home/rymate/bChatManager"/>
    <property name="java.endorsed.dirs" value="/usr/lib/jvm/java-6-openjdk/jre/lib/endorsed"/>
    <property name="os.arch" value="amd64"/>
    <property name="surefire.real.class.path" value="/home/rymate/bChatManager/target/surefire/surefirebooter7702897707953607206.jar"/>
    <property name="java.io.tmpdir" value="/tmp"/>
    <property name="line.separator" value="
"/>
    <property name="java.vm.specification.vendor" value="Sun Microsystems Inc."/>
    <property name="os.name" value="Linux"/>
    <property name="sun.jnu.encoding" value="UTF-8"/>
    <property name="java.library.path" value="/usr/lib/jvm/java-6-openjdk/jre/lib/amd64/server:/usr/lib/jvm/java-6-openjdk/jre/lib/amd64:/usr/lib/jvm/java-6-openjdk/jre/../lib/amd64:/usr/java/packages/lib/amd64:/usr/lib/jni:/lib:/usr/lib"/>
    <property name="surefire.test.class.path" value="/home/rymate/bChatManager/target/test-classes:/home/rymate/bChatManager/target/classes:/home/rymate/.m2/repository/junit/junit/3.8.1/junit-3.8.1.jar:/home/rymate/.m2/repository/org/bukkit/bukkit/0.0.1-SNAPSHOT/bukkit-0.0.1-SNAPSHOT.jar:/home/rymate/.m2/repository/de/bananaco/bPermissions/1337-SNAPSHOT/bPermissions-1337-SNAPSHOT.jar:/home/rymate/.m2/repository/org/bukkit/craftbukkit/0.0.1-SNAPSHOT/craftbukkit-0.0.1-SNAPSHOT.jar:/home/rymate/.m2/repository/org/getspout/spoutapi/dev-SNAPSHOT/spoutapi-dev-SNAPSHOT.jar:/home/rymate/.m2/repository/commons-io/commons-io/2.0.1/commons-io-2.0.1.jar:/home/rymate/.m2/repository/trove/trove/3.0.0/trove-3.0.0.jar:"/>
    <property name="java.specification.name" value="Java Platform API Specification"/>
    <property name="java.class.version" value="50.0"/>
    <property name="sun.management.compiler" value="HotSpot 64-Bit Tiered Compilers"/>
    <property name="os.version" value="3.0.0-13-generic"/>
    <property name="user.home" value="/home/rymate"/>
    <property name="user.timezone" value=""/>
    <property name="java.awt.printerjob" value="sun.print.PSPrinterJob"/>
    <property name="file.encoding" value="UTF-8"/>
    <property name="java.specification.version" value="1.6"/>
    <property name="user.name" value="rymate"/>
    <property name="java.class.path" value="/home/rymate/bChatManager/target/test-classes:/home/rymate/bChatManager/target/classes:/home/rymate/.m2/repository/junit/junit/3.8.1/junit-3.8.1.jar:/home/rymate/.m2/repository/org/bukkit/bukkit/0.0.1-SNAPSHOT/bukkit-0.0.1-SNAPSHOT.jar:/home/rymate/.m2/repository/de/bananaco/bPermissions/1337-SNAPSHOT/bPermissions-1337-SNAPSHOT.jar:/home/rymate/.m2/repository/org/bukkit/craftbukkit/0.0.1-SNAPSHOT/craftbukkit-0.0.1-SNAPSHOT.jar:/home/rymate/.m2/repository/org/getspout/spoutapi/dev-SNAPSHOT/spoutapi-dev-SNAPSHOT.jar:/home/rymate/.m2/repository/commons-io/commons-io/2.0.1/commons-io-2.0.1.jar:/home/rymate/.m2/repository/trove/trove/3.0.0/trove-3.0.0.jar:"/>
    <property name="java.vm.specification.version" value="1.0"/>
    <property name="sun.arch.data.model" value="64"/>
    <property name="java.home" value="/usr/lib/jvm/java-6-openjdk/jre"/>
    <property name="sun.java.command" value="/home/rymate/bChatManager/target/surefire/surefirebooter7702897707953607206.jar /home/rymate/bChatManager/target/surefire/surefire4436659300760997160tmp /home/rymate/bChatManager/target/surefire/surefire168318233906737979tmp"/>
    <property name="java.specification.vendor" value="Sun Microsystems Inc."/>
    <property name="user.language" value="en"/>
    <property name="java.vm.info" value="mixed mode"/>
    <property name="java.version" value="1.6.0_23"/>
    <property name="java.ext.dirs" value="/usr/lib/jvm/java-6-openjdk/jre/lib/ext:/usr/java/packages/lib/ext"/>
    <property name="sun.boot.class.path" value="/usr/lib/jvm/java-6-openjdk/jre/lib/resources.jar:/usr/lib/jvm/java-6-openjdk/jre/lib/rt.jar:/usr/lib/jvm/java-6-openjdk/jre/lib/sunrsasign.jar:/usr/lib/jvm/java-6-openjdk/jre/lib/jsse.jar:/usr/lib/jvm/java-6-openjdk/jre/lib/jce.jar:/usr/lib/jvm/java-6-openjdk/jre/lib/charsets.jar:/usr/lib/jvm/java-6-openjdk/jre/lib/netx.jar:/usr/lib/jvm/java-6-openjdk/jre/lib/plugin.jar:/usr/lib/jvm/java-6-openjdk/jre/lib/rhino.jar:/usr/lib/jvm/java-6-openjdk/jre/lib/modules/jdk.boot.jar:/usr/lib/jvm/java-6-openjdk/jre/classes"/>
    <property name="java.vendor" value="Sun Microsystems Inc."/>
    <property name="localRepository" value="/home/rymate/.m2/repository"/>
    <property name="file.separator" value="/"/>
    <property name="java.vendor.url.bug" value="http://java.sun.com/cgi-bin/bugreport.cgi"/>
    <property name="sun.cpu.endian" value="little"/>
    <property name="sun.io.unicode.encoding" value="UnicodeLittle"/>
    <property name="sun.desktop" value="gnome"/>
    <property name="sun.cpu.isalist" value=""/>
  </properties>
  <testcase time="0.002" classname="net.rymate.bchatmanager.AppTest" name="testApp"/>
</testsuite>